2024-10-10 02:36:48.881  INFO 9140 --- [restartedMain] c.example.demo.SpringMemberApplication   : Starting SpringMemberApplication using Java 17.0.9 on kazu with PID 9140 (C:\Users\kazu-\MiddleSkill\spring_member\target\classes started by kazu- in C:\Users\kazu-\MiddleSkill\spring_member)
2024-10-10 02:36:48.881 DEBUG 9140 --- [restartedMain] c.example.demo.SpringMemberApplication   : Running with Spring Boot v2.4.4, Spring v5.3.5
2024-10-10 02:36:48.881  INFO 9140 --- [restartedMain] c.example.demo.SpringMemberApplication   : No active profile set, falling back to default profiles: default
2024-10-10 02:36:49.003  INFO 9140 --- [restartedMain] .s.d.r.c.RepositoryConfigurationDelegate : Bootstrapping Spring Data JPA repositories in DEFAULT mode.
2024-10-10 02:36:49.016  INFO 9140 --- [restartedMain] .s.d.r.c.RepositoryConfigurationDelegate : Finished Spring Data repository scanning in 12 ms. Found 3 JPA repository interfaces.
2024-10-10 02:36:49.070  INFO 9140 --- [restartedMain] o.s.b.w.embedded.tomcat.TomcatWebServer  : Tomcat initialized with port(s): 8080 (http)
2024-10-10 02:36:49.071  INFO 9140 --- [restartedMain] o.apache.catalina.core.StandardService   : Starting service [Tomcat]
2024-10-10 02:36:49.072  INFO 9140 --- [restartedMain] org.apache.catalina.core.StandardEngine  : Starting Servlet engine: [Apache Tomcat/9.0.44]
2024-10-10 02:36:49.088  INFO 9140 --- [restartedMain] o.a.c.c.C.[Tomcat].[localhost].[/]       : Initializing Spring embedded WebApplicationContext
2024-10-10 02:36:49.088  INFO 9140 --- [restartedMain] w.s.c.ServletWebServerApplicationContext : Root WebApplicationContext: initialization completed in 199 ms
2024-10-10 02:36:49.112  INFO 9140 --- [restartedMain] com.zaxxer.hikari.HikariDataSource       : HikariPool-2 - Starting...
2024-10-10 02:36:49.147  INFO 9140 --- [restartedMain] com.zaxxer.hikari.HikariDataSource       : HikariPool-2 - Start completed.
2024-10-10 02:36:49.151  INFO 9140 --- [restartedMain] o.hibernate.jpa.internal.util.LogHelper  : HHH000204: Processing PersistenceUnitInfo [name: default]
2024-10-10 02:36:49.155  INFO 9140 --- [restartedMain] org.hibernate.dialect.Dialect            : HHH000400: Using dialect: org.hibernate.dialect.PostgreSQL10Dialect
2024-10-10 02:36:49.202  INFO 9140 --- [restartedMain] o.h.e.t.j.p.i.JtaPlatformInitiator       : HHH000490: Using JtaPlatform implementation: [org.hibernate.engine.transaction.jta.platform.internal.NoJtaPlatform]
2024-10-10 02:36:49.202  INFO 9140 --- [restartedMain] j.LocalContainerEntityManagerFactoryBean : Initialized JPA EntityManagerFactory for persistence unit 'default'
2024-10-10 02:36:49.260  WARN 9140 --- [restartedMain] JpaBaseConfiguration$JpaWebConfiguration : spring.jpa.open-in-view is enabled by default. Therefore, database queries may be performed during view rendering. Explicitly configure spring.jpa.open-in-view to disable this warning
2024-10-10 02:36:49.281  INFO 9140 --- [restartedMain] o.s.s.concurrent.ThreadPoolTaskExecutor  : Initializing ExecutorService 'applicationTaskExecutor'
2024-10-10 02:36:49.323  INFO 9140 --- [restartedMain] o.s.b.d.a.OptionalLiveReloadServer       : LiveReload server is running on port 35729
2024-10-10 02:36:49.333  INFO 9140 --- [restartedMain] o.s.b.w.embedded.tomcat.TomcatWebServer  : Tomcat started on port(s): 8080 (http) with context path ''
2024-10-10 02:36:49.340  INFO 9140 --- [restartedMain] c.example.demo.SpringMemberApplication   : Started SpringMemberApplication in 0.489 seconds (JVM running for 59.272)
2024-10-10 02:36:49.343  INFO 9140 --- [restartedMain] .ConditionEvaluationDeltaLoggingListener : Condition evaluation unchanged
2024-10-10 02:37:58.886  INFO 9140 --- [http-nio-8080-exec-1] o.a.c.c.C.[Tomcat].[localhost].[/]       : Initializing Spring DispatcherServlet 'dispatcherServlet'
2024-10-10 02:37:58.886  INFO 9140 --- [http-nio-8080-exec-1] o.s.web.servlet.DispatcherServlet        : Initializing Servlet 'dispatcherServlet'
2024-10-10 02:37:58.887  INFO 9140 --- [http-nio-8080-exec-1] o.s.web.servlet.DispatcherServlet        : Completed initialization in 1 ms
2024-10-10 02:38:14.281 ERROR 9140 --- [http-nio-8080-exec-4] c.e.d.exception.GlobalExceptionHandler   : InvalidBirthdayException: 入力された年齢と生年月日が一致しません。
2024-10-10 02:38:14.283  WARN 9140 --- [http-nio-8080-exec-4] .m.m.a.ExceptionHandlerExceptionResolver : Resolved [com.example.demo.exception.InvalidBirthdayException: 入力された年齢と生年月日が一致しません。]
2024-10-10 02:39:31.790 ERROR 9140 --- [http-nio-8080-exec-6] c.e.d.exception.GlobalExceptionHandler   : InvalidBirthdayException: 入力された年齢と生年月日が一致しません。
2024-10-10 02:39:31.791  WARN 9140 --- [http-nio-8080-exec-6] .m.m.a.ExceptionHandlerExceptionResolver : Resolved [com.example.demo.exception.InvalidBirthdayException: 入力された年齢と生年月日が一致しません。]
2024-10-10 02:40:25.104  INFO 9140 --- [Thread-9] o.s.s.concurrent.ThreadPoolTaskExecutor  : Shutting down ExecutorService 'applicationTaskExecutor'
2024-10-10 02:40:25.105  INFO 9140 --- [Thread-9] j.LocalContainerEntityManagerFactoryBean : Closing JPA EntityManagerFactory for persistence unit 'default'
2024-10-10 02:40:25.105  INFO 9140 --- [Thread-9] com.zaxxer.hikari.HikariDataSource       : HikariPool-2 - Shutdown initiated...
2024-10-10 02:40:25.107  INFO 9140 --- [Thread-9] com.zaxxer.hikari.HikariDataSource       : HikariPool-2 - Shutdown completed.
2024-10-10 02:40:25.186  INFO 9140 --- [restartedMain] c.example.demo.SpringMemberApplication   : Starting SpringMemberApplication using Java 17.0.9 on kazu with PID 9140 (C:\Users\kazu-\MiddleSkill\spring_member\target\classes started by kazu- in C:\Users\kazu-\MiddleSkill\spring_member)
2024-10-10 02:40:25.186 DEBUG 9140 --- [restartedMain] c.example.demo.SpringMemberApplication   : Running with Spring Boot v2.4.4, Spring v5.3.5
2024-10-10 02:40:25.187  INFO 9140 --- [restartedMain] c.example.demo.SpringMemberApplication   : No active profile set, falling back to default profiles: default
2024-10-10 02:40:25.300  INFO 9140 --- [restartedMain] .s.d.r.c.RepositoryConfigurationDelegate : Bootstrapping Spring Data JPA repositories in DEFAULT mode.
2024-10-10 02:40:25.314  INFO 9140 --- [restartedMain] .s.d.r.c.RepositoryConfigurationDelegate : Finished Spring Data repository scanning in 13 ms. Found 3 JPA repository interfaces.
2024-10-10 02:40:25.382  INFO 9140 --- [restartedMain] o.s.b.w.embedded.tomcat.TomcatWebServer  : Tomcat initialized with port(s): 8080 (http)
2024-10-10 02:40:25.382  INFO 9140 --- [restartedMain] o.apache.catalina.core.StandardService   : Starting service [Tomcat]
2024-10-10 02:40:25.383  INFO 9140 --- [restartedMain] org.apache.catalina.core.StandardEngine  : Starting Servlet engine: [Apache Tomcat/9.0.44]
2024-10-10 02:40:25.400  INFO 9140 --- [restartedMain] o.a.c.c.C.[Tomcat].[localhost].[/]       : Initializing Spring embedded WebApplicationContext
2024-10-10 02:40:25.401  INFO 9140 --- [restartedMain] w.s.c.ServletWebServerApplicationContext : Root WebApplicationContext: initialization completed in 213 ms
2024-10-10 02:40:25.441  INFO 9140 --- [restartedMain] com.zaxxer.hikari.HikariDataSource       : HikariPool-3 - Starting...
2024-10-10 02:40:25.475  INFO 9140 --- [restartedMain] com.zaxxer.hikari.HikariDataSource       : HikariPool-3 - Start completed.
2024-10-10 02:40:25.479  INFO 9140 --- [restartedMain] o.hibernate.jpa.internal.util.LogHelper  : HHH000204: Processing PersistenceUnitInfo [name: default]
2024-10-10 02:40:25.483  INFO 9140 --- [restartedMain] org.hibernate.dialect.Dialect            : HHH000400: Using dialect: org.hibernate.dialect.PostgreSQL10Dialect
2024-10-10 02:40:25.527  INFO 9140 --- [restartedMain] o.h.e.t.j.p.i.JtaPlatformInitiator       : HHH000490: Using JtaPlatform implementation: [org.hibernate.engine.transaction.jta.platform.internal.NoJtaPlatform]
2024-10-10 02:40:25.527  INFO 9140 --- [restartedMain] j.LocalContainerEntityManagerFactoryBean : Initialized JPA EntityManagerFactory for persistence unit 'default'
2024-10-10 02:40:25.593  WARN 9140 --- [restartedMain] JpaBaseConfiguration$JpaWebConfiguration : spring.jpa.open-in-view is enabled by default. Therefore, database queries may be performed during view rendering. Explicitly configure spring.jpa.open-in-view to disable this warning
2024-10-10 02:40:25.624  INFO 9140 --- [restartedMain] o.s.s.concurrent.ThreadPoolTaskExecutor  : Initializing ExecutorService 'applicationTaskExecutor'
2024-10-10 02:40:25.683  INFO 9140 --- [restartedMain] o.s.b.d.a.OptionalLiveReloadServer       : LiveReload server is running on port 35729
2024-10-10 02:40:25.693  INFO 9140 --- [restartedMain] o.s.b.w.embedded.tomcat.TomcatWebServer  : Tomcat started on port(s): 8080 (http) with context path ''
2024-10-10 02:40:25.696  INFO 9140 --- [restartedMain] c.example.demo.SpringMemberApplication   : Started SpringMemberApplication in 0.53 seconds (JVM running for 275.629)
2024-10-10 02:40:25.697  INFO 9140 --- [restartedMain] .ConditionEvaluationDeltaLoggingListener : Condition evaluation unchanged
2024-10-10 02:40:29.876  INFO 9140 --- [http-nio-8080-exec-1] o.a.c.c.C.[Tomcat].[localhost].[/]       : Initializing Spring DispatcherServlet 'dispatcherServlet'
2024-10-10 02:40:29.877  INFO 9140 --- [http-nio-8080-exec-1] o.s.web.servlet.DispatcherServlet        : Initializing Servlet 'dispatcherServlet'
2024-10-10 02:40:29.878  INFO 9140 --- [http-nio-8080-exec-1] o.s.web.servlet.DispatcherServlet        : Completed initialization in 1 ms
2024-10-10 02:40:48.561 ERROR 9140 --- [http-nio-8080-exec-4] c.e.d.exception.GlobalExceptionHandler   : InvalidBirthdayException: 入力された年齢と生年月日が一致しません。
2024-10-10 02:40:48.562  WARN 9140 --- [http-nio-8080-exec-4] .m.m.a.ExceptionHandlerExceptionResolver : Resolved [com.example.demo.exception.InvalidBirthdayException: 入力された年齢と生年月日が一致しません。]
2024-10-10 02:41:07.029  INFO 9140 --- [Thread-15] o.s.s.concurrent.ThreadPoolTaskExecutor  : Shutting down ExecutorService 'applicationTaskExecutor'
2024-10-10 02:41:07.029  INFO 9140 --- [Thread-15] j.LocalContainerEntityManagerFactoryBean : Closing JPA EntityManagerFactory for persistence unit 'default'
2024-10-10 02:41:07.029  INFO 9140 --- [Thread-15] com.zaxxer.hikari.HikariDataSource       : HikariPool-3 - Shutdown initiated...
2024-10-10 02:41:07.031  INFO 9140 --- [Thread-15] com.zaxxer.hikari.HikariDataSource       : HikariPool-3 - Shutdown completed.
2024-10-10 02:41:07.089  INFO 9140 --- [restartedMain] c.example.demo.SpringMemberApplication   : Starting SpringMemberApplication using Java 17.0.9 on kazu with PID 9140 (C:\Users\kazu-\MiddleSkill\spring_member\target\classes started by kazu- in C:\Users\kazu-\MiddleSkill\spring_member)
2024-10-10 02:41:07.089 DEBUG 9140 --- [restartedMain] c.example.demo.SpringMemberApplication   : Running with Spring Boot v2.4.4, Spring v5.3.5
2024-10-10 02:41:07.089  INFO 9140 --- [restartedMain] c.example.demo.SpringMemberApplication   : No active profile set, falling back to default profiles: default
2024-10-10 02:41:07.183  INFO 9140 --- [restartedMain] .s.d.r.c.RepositoryConfigurationDelegate : Bootstrapping Spring Data JPA repositories in DEFAULT mode.
2024-10-10 02:41:07.195  INFO 9140 --- [restartedMain] .s.d.r.c.RepositoryConfigurationDelegate : Finished Spring Data repository scanning in 12 ms. Found 3 JPA repository interfaces.
2024-10-10 02:41:07.253  INFO 9140 --- [restartedMain] o.s.b.w.embedded.tomcat.TomcatWebServer  : Tomcat initialized with port(s): 8080 (http)
2024-10-10 02:41:07.254  INFO 9140 --- [restartedMain] o.apache.catalina.core.StandardService   : Starting service [Tomcat]
2024-10-10 02:41:07.254  INFO 9140 --- [restartedMain] org.apache.catalina.core.StandardEngine  : Starting Servlet engine: [Apache Tomcat/9.0.44]
2024-10-10 02:41:07.269  INFO 9140 --- [restartedMain] o.a.c.c.C.[Tomcat].[localhost].[/]       : Initializing Spring embedded WebApplicationContext
2024-10-10 02:41:07.270  INFO 9140 --- [restartedMain] w.s.c.ServletWebServerApplicationContext : Root WebApplicationContext: initialization completed in 180 ms
2024-10-10 02:41:07.296  INFO 9140 --- [restartedMain] com.zaxxer.hikari.HikariDataSource       : HikariPool-4 - Starting...
2024-10-10 02:41:07.330  INFO 9140 --- [restartedMain] com.zaxxer.hikari.HikariDataSource       : HikariPool-4 - Start completed.
2024-10-10 02:41:07.334  INFO 9140 --- [restartedMain] o.hibernate.jpa.internal.util.LogHelper  : HHH000204: Processing PersistenceUnitInfo [name: default]
2024-10-10 02:41:07.337  INFO 9140 --- [restartedMain] org.hibernate.dialect.Dialect            : HHH000400: Using dialect: org.hibernate.dialect.PostgreSQL10Dialect
2024-10-10 02:41:07.379  INFO 9140 --- [restartedMain] o.h.e.t.j.p.i.JtaPlatformInitiator       : HHH000490: Using JtaPlatform implementation: [org.hibernate.engine.transaction.jta.platform.internal.NoJtaPlatform]
2024-10-10 02:41:07.379  INFO 9140 --- [restartedMain] j.LocalContainerEntityManagerFactoryBean : Initialized JPA EntityManagerFactory for persistence unit 'default'
2024-10-10 02:41:07.436  WARN 9140 --- [restartedMain] JpaBaseConfiguration$JpaWebConfiguration : spring.jpa.open-in-view is enabled by default. Therefore, database queries may be performed during view rendering. Explicitly configure spring.jpa.open-in-view to disable this warning
2024-10-10 02:41:07.457  INFO 9140 --- [restartedMain] o.s.s.concurrent.ThreadPoolTaskExecutor  : Initializing ExecutorService 'applicationTaskExecutor'
2024-10-10 02:41:07.494  INFO 9140 --- [restartedMain] o.s.b.d.a.OptionalLiveReloadServer       : LiveReload server is running on port 35729
2024-10-10 02:41:07.502  INFO 9140 --- [restartedMain] o.s.b.w.embedded.tomcat.TomcatWebServer  : Tomcat started on port(s): 8080 (http) with context path ''
2024-10-10 02:41:07.505  INFO 9140 --- [restartedMain] c.example.demo.SpringMemberApplication   : Started SpringMemberApplication in 0.434 seconds (JVM running for 317.437)
2024-10-10 02:41:07.506  INFO 9140 --- [restartedMain] .ConditionEvaluationDeltaLoggingListener : Condition evaluation unchanged
2024-10-10 02:41:22.073  INFO 9140 --- [Thread-21] o.s.s.concurrent.ThreadPoolTaskExecutor  : Shutting down ExecutorService 'applicationTaskExecutor'
2024-10-10 02:41:22.074  INFO 9140 --- [Thread-21] j.LocalContainerEntityManagerFactoryBean : Closing JPA EntityManagerFactory for persistence unit 'default'
2024-10-10 02:41:22.075  INFO 9140 --- [Thread-21] com.zaxxer.hikari.HikariDataSource       : HikariPool-4 - Shutdown initiated...
2024-10-10 02:41:22.087  INFO 9140 --- [Thread-21] com.zaxxer.hikari.HikariDataSource       : HikariPool-4 - Shutdown completed.
